Copyright 1986-2018 Xilinx, Inc. All Rights Reserved.
------------------------------------------------------------------------------------------
| Tool Version : Vivado v.2018.1 (win64) Build 2188600 Wed Apr  4 18:40:38 MDT 2018
| Date         : Tue Dec  8 12:26:38 2020
| Host         : LAPTOP-7IRJGVEJ running 64-bit major release  (build 9200)
| Command      : report_control_sets -verbose -file snake_wrapper_control_sets_placed.rpt
| Design       : snake_wrapper
| Device       : xc7z020
------------------------------------------------------------------------------------------

Control Set Information

Table of Contents
-----------------
1. Summary
2. Histogram
3. Flip-Flop Distribution
4. Detailed Control Set Information

1. Summary
----------

+----------------------------------------------------------+-------+
|                          Status                          | Count |
+----------------------------------------------------------+-------+
| Number of unique control sets                            |   152 |
| Unused register locations in slices containing registers |   730 |
+----------------------------------------------------------+-------+


2. Histogram
------------

+--------+--------------+
| Fanout | Control Sets |
+--------+--------------+
|      2 |            2 |
|      4 |            5 |
|      5 |            1 |
|      6 |            1 |
|      7 |            2 |
|     10 |            4 |
|     11 |          129 |
|     15 |            2 |
|    16+ |            6 |
+--------+--------------+


3. Flip-Flop Distribution
-------------------------

+--------------+-----------------------+------------------------+-----------------+--------------+
| Clock Enable | Synchronous Set/Reset | Asynchronous Set/Reset | Total Registers | Total Slices |
+--------------+-----------------------+------------------------+-----------------+--------------+
| No           | No                    | No                     |             135 |           61 |
| No           | No                    | Yes                    |              12 |            4 |
| No           | Yes                   | No                     |             133 |           41 |
| Yes          | No                    | No                     |            1430 |          680 |
| Yes          | No                    | Yes                    |               0 |            0 |
| Yes          | Yes                   | No                     |              88 |           29 |
+--------------+-----------------------+------------------------+-----------------+--------------+


4. Detailed Control Set Information
-----------------------------------

+---------------------------------------------------------------------+-----------------------------------------------------------+-----------------------------------------------------------------------------------------+------------------+----------------+
|                             Clock Signal                            |                       Enable Signal                       |                                     Set/Reset Signal                                    | Slice Load Count | Bel Load Count |
+---------------------------------------------------------------------+-----------------------------------------------------------+-----------------------------------------------------------------------------------------+------------------+----------------+
|  snake_i/clk_wiz_0/inst/clk_out1                                    |                                                           | snake_i/rgb2dvi_0/U0/ClockGenInternal.ClockGenX/LockLostReset/aRst_int_0                |                1 |              2 |
|  snake_i/clk_wiz_0/inst/clk_out1                                    |                                                           | snake_i/rgb2dvi_0/U0/ClockGenInternal.ClockGenX/in0                                     |                1 |              2 |
|  snake_i/SNES_0/inst/snesClkDiv/clkdiv                              | snake_i/SNES_0/inst/snesInput/p_0_in                      |                                                                                         |                1 |              4 |
| ~snake_i/SNES_0/inst/snesClkDiv/clkdiv                              | snake_i/SNES_0/inst/snesInput/D[1]                        | snake_i/SNES_0/inst/snesInput/FSM_onehot_present_state_reg_n_0_[0]                      |                2 |              4 |
|  snake_i/clk_wiz_0/inst/clk_out1                                    | snake_i/snakeController_0/inst/snakeX2[0][3]_i_2_n_0      | snake_i/snakeController_0/inst/snakeX2[0][3]_i_1_n_0                                    |                1 |              4 |
|  sysclk_IBUF_BUFG                                                   |                                                           | reset_IBUF                                                                              |                1 |              4 |
|  snake_i/clk_wiz_0/inst/clk_out1                                    |                                                           | snake_i/rgb2dvi_0/U0/ClockGenInternal.ClockGenX/LockLostReset/SyncAsyncx/oSyncStages[1] |                1 |              4 |
|  snake_i/clk_wiz_0/inst/clk_out1                                    |                                                           | snake_i/snakeController_0/inst/ran/j_reg[4]_i_1_n_4                                     |                1 |              5 |
|  snake_i/clk_wiz_0/inst/clk_out1                                    |                                                           | snake_i/snakeController_0/inst/ran/clear                                                |                1 |              6 |
|  snake_i/clk_wiz_0/inst/clk_out1                                    | snake_i/snakeController_0/inst/size[6]_i_1_n_0            |                                                                                         |                4 |              7 |
|  snake_i/clk_wiz_0/inst/clk_out1                                    | snake_i/snakeController_0/inst/updateSize[6]_i_2_n_0      | snake_i/snakeController_0/inst/updateSize[6]_i_1_n_0                                    |                3 |              7 |
| ~snake_i/SNES_0/inst/snesClkDiv/clkdiv                              |                                                           |                                                                                         |                3 |             10 |
|  snake_i/SNES_0/inst/snesInput/FSM_onehot_present_state_reg_n_0_[3] |                                                           |                                                                                         |                4 |             10 |
|  sysclk_IBUF_BUFG                                                   |                                                           |                                                                                         |                6 |             10 |
|  snake_i/clk_wiz_0/inst/clk_out1                                    |                                                           | snake_i/rgb2dvi_0/U0/DataEncoders[0].DataEncoder/pDataOutRaw[9]_i_1__1_n_0              |                3 |             10 |
|  snake_i/clk_wiz_0/inst/clk_out1                                    | snake_i/snakeController_0/inst/snakeY2[60][4]_i_1_n_0     |                                                                                         |                7 |             11 |
|  snake_i/clk_wiz_0/inst/clk_out1                                    | snake_i/snakeController_0/inst/snakeY2[71][4]_i_1_n_0     |                                                                                         |                5 |             11 |
|  snake_i/clk_wiz_0/inst/clk_out1                                    | snake_i/snakeController_0/inst/snakeY2[70][4]_i_1_n_0     |                                                                                         |                5 |             11 |
|  snake_i/clk_wiz_0/inst/clk_out1                                    | snake_i/snakeController_0/inst/snakeY2[9][4]_i_1_n_0      |                                                                                         |                4 |             11 |
|  snake_i/clk_wiz_0/inst/clk_out1                                    | snake_i/snakeController_0/inst/snakeY2[93][4]_i_1_n_0     |                                                                                         |                5 |             11 |
|  snake_i/clk_wiz_0/inst/clk_out1                                    | snake_i/snakeController_0/inst/appleX                     |                                                                                         |                2 |             11 |
|  snake_i/clk_wiz_0/inst/clk_out1                                    | snake_i/snakeController_0/inst/snakeY2[58][4]_i_1_n_0     |                                                                                         |                4 |             11 |
|  snake_i/clk_wiz_0/inst/clk_out1                                    | snake_i/snakeController_0/inst/snakeX2[103][5]_i_1_n_0    |                                                                                         |                5 |             11 |
|  snake_i/clk_wiz_0/inst/clk_out1                                    | snake_i/snakeController_0/inst/randomX                    |                                                                                         |                5 |             11 |
|  snake_i/clk_wiz_0/inst/clk_out1                                    | snake_i/snakeController_0/inst/snakeX2[106][5]_i_1_n_0    |                                                                                         |                4 |             11 |
|  snake_i/clk_wiz_0/inst/clk_out1                                    | snake_i/snakeController_0/inst/snakeX2[116][5]_i_1_n_0    |                                                                                         |                6 |             11 |
|  snake_i/clk_wiz_0/inst/clk_out1                                    | snake_i/snakeController_0/inst/snakeX2[124][1]__0_i_1_n_0 |                                                                                         |                4 |             11 |
|  snake_i/clk_wiz_0/inst/clk_out1                                    | snake_i/snakeController_0/inst/snakeX2[14][5]_i_1_n_0     |                                                                                         |                4 |             11 |
|  snake_i/clk_wiz_0/inst/clk_out1                                    | snake_i/snakeController_0/inst/snakeX2[17][5]_i_1_n_0     |                                                                                         |                6 |             11 |
|  snake_i/clk_wiz_0/inst/clk_out1                                    | snake_i/snakeController_0/inst/snakeX2[117][5]_i_1_n_0    |                                                                                         |                4 |             11 |
|  snake_i/clk_wiz_0/inst/clk_out1                                    | snake_i/snakeController_0/inst/snakeX2[18][5]_i_1_n_0     |                                                                                         |                5 |             11 |
|  snake_i/clk_wiz_0/inst/clk_out1                                    | snake_i/snakeController_0/inst/snakeX2[109][5]_i_1_n_0    |                                                                                         |                4 |             11 |
|  snake_i/clk_wiz_0/inst/clk_out1                                    | snake_i/snakeController_0/inst/snakeX2[122][5]_i_1_n_0    |                                                                                         |                5 |             11 |
|  snake_i/clk_wiz_0/inst/clk_out1                                    | snake_i/snakeController_0/inst/snakeX2[101][5]_i_1_n_0    |                                                                                         |                7 |             11 |
|  snake_i/clk_wiz_0/inst/clk_out1                                    | snake_i/snakeController_0/inst/snakeX2[104][5]_i_1_n_0    |                                                                                         |                5 |             11 |
|  snake_i/clk_wiz_0/inst/clk_out1                                    | snake_i/snakeController_0/inst/snakeX2[100][5]_i_1_n_0    |                                                                                         |                6 |             11 |
|  snake_i/clk_wiz_0/inst/clk_out1                                    | snake_i/snakeController_0/inst/snakeX2[1][5]_i_1_n_0      |                                                                                         |                7 |             11 |
|  snake_i/clk_wiz_0/inst/clk_out1                                    | snake_i/snakeController_0/inst/snakeX2                    |                                                                                         |                7 |             11 |
|  snake_i/clk_wiz_0/inst/clk_out1                                    | snake_i/snakeController_0/inst/snakeX2[102][5]_i_1_n_0    |                                                                                         |                4 |             11 |
|  snake_i/clk_wiz_0/inst/clk_out1                                    | snake_i/snakeController_0/inst/snakeX2[108][5]_i_1_n_0    |                                                                                         |                5 |             11 |
|  snake_i/clk_wiz_0/inst/clk_out1                                    | snake_i/snakeController_0/inst/snakeX2[110][5]_i_1_n_0    |                                                                                         |                4 |             11 |
|  snake_i/clk_wiz_0/inst/clk_out1                                    | snake_i/snakeController_0/inst/snakeX2[111][5]_i_1_n_0    |                                                                                         |                4 |             11 |
|  snake_i/clk_wiz_0/inst/clk_out1                                    | snake_i/snakeController_0/inst/snakeX2[113][5]_i_1_n_0    |                                                                                         |                4 |             11 |
|  snake_i/clk_wiz_0/inst/clk_out1                                    | snake_i/snakeController_0/inst/snakeX2[126][5]_i_1_n_0    |                                                                                         |                4 |             11 |
|  snake_i/clk_wiz_0/inst/clk_out1                                    | snake_i/snakeController_0/inst/snakeX2[112][5]_i_1_n_0    |                                                                                         |                5 |             11 |
|  snake_i/clk_wiz_0/inst/clk_out1                                    | snake_i/snakeController_0/inst/snakeX2[114][5]_i_1_n_0    |                                                                                         |                4 |             11 |
|  snake_i/clk_wiz_0/inst/clk_out1                                    | snake_i/snakeController_0/inst/snakeX2[118][2]__0_i_1_n_0 |                                                                                         |                4 |             11 |
|  snake_i/clk_wiz_0/inst/clk_out1                                    | snake_i/snakeController_0/inst/snakeX2[105][5]_i_1_n_0    |                                                                                         |                6 |             11 |
|  snake_i/clk_wiz_0/inst/clk_out1                                    | snake_i/snakeController_0/inst/snakeX2[125][5]_i_1_n_0    |                                                                                         |                5 |             11 |
|  snake_i/clk_wiz_0/inst/clk_out1                                    | snake_i/snakeController_0/inst/snakeX2[4][5]_i_1_n_0      |                                                                                         |                5 |             11 |
|  snake_i/clk_wiz_0/inst/clk_out1                                    | snake_i/snakeController_0/inst/snakeX2[30][2]__0_i_1_n_0  |                                                                                         |                6 |             11 |
|  snake_i/clk_wiz_0/inst/clk_out1                                    | snake_i/snakeController_0/inst/snakeX2[34][5]_i_1_n_0     |                                                                                         |                4 |             11 |
|  snake_i/clk_wiz_0/inst/clk_out1                                    | snake_i/snakeController_0/inst/snakeX2[31][5]_i_1_n_0     |                                                                                         |                4 |             11 |
|  snake_i/clk_wiz_0/inst/clk_out1                                    | snake_i/snakeController_0/inst/snakeX2[40][1]__0_i_1_n_0  |                                                                                         |                5 |             11 |
|  snake_i/clk_wiz_0/inst/clk_out1                                    | snake_i/snakeController_0/inst/snakeX2[32][1]_i_1_n_0     |                                                                                         |                7 |             11 |
|  snake_i/clk_wiz_0/inst/clk_out1                                    | snake_i/snakeController_0/inst/snakeX2[35][5]_i_1_n_0     |                                                                                         |                4 |             11 |
|  snake_i/clk_wiz_0/inst/clk_out1                                    | snake_i/snakeController_0/inst/snakeX2[44][5]_i_1_n_0     |                                                                                         |                5 |             11 |
|  snake_i/clk_wiz_0/inst/clk_out1                                    | snake_i/snakeController_0/inst/snakeX2[46][1]_i_1_n_0     |                                                                                         |                6 |             11 |
|  snake_i/clk_wiz_0/inst/clk_out1                                    | snake_i/snakeController_0/inst/snakeX2[48][5]_i_1_n_0     |                                                                                         |                7 |             11 |
|  snake_i/clk_wiz_0/inst/clk_out1                                    | snake_i/snakeController_0/inst/snakeX2[74][1]_i_1_n_0     |                                                                                         |                7 |             11 |
|  snake_i/clk_wiz_0/inst/clk_out1                                    | snake_i/snakeController_0/inst/snakeX2[73][1]_i_1_n_0     |                                                                                         |                6 |             11 |
|  snake_i/clk_wiz_0/inst/clk_out1                                    | snake_i/snakeController_0/inst/snakeX2[43][5]_i_1_n_0     |                                                                                         |                6 |             11 |
|  snake_i/clk_wiz_0/inst/clk_out1                                    | snake_i/snakeController_0/inst/snakeX2[51][5]_i_1_n_0     |                                                                                         |                6 |             11 |
|  snake_i/clk_wiz_0/inst/clk_out1                                    | snake_i/snakeController_0/inst/snakeX2[75][5]_i_1_n_0     |                                                                                         |                4 |             11 |
|  snake_i/clk_wiz_0/inst/clk_out1                                    | snake_i/snakeController_0/inst/snakeX2[29][5]_i_1_n_0     |                                                                                         |                6 |             11 |
|  snake_i/clk_wiz_0/inst/clk_out1                                    | snake_i/snakeController_0/inst/snakeX2[3][5]_i_1_n_0      |                                                                                         |                6 |             11 |
|  snake_i/clk_wiz_0/inst/clk_out1                                    | snake_i/snakeController_0/inst/snakeX2[54][1]__0_i_1_n_0  |                                                                                         |                5 |             11 |
|  snake_i/clk_wiz_0/inst/clk_out1                                    | snake_i/snakeController_0/inst/snakeX2[61][5]_i_1_n_0     |                                                                                         |                6 |             11 |
|  snake_i/clk_wiz_0/inst/clk_out1                                    | snake_i/snakeController_0/inst/snakeX2[76][1]_i_1_n_0     |                                                                                         |                5 |             11 |
|  snake_i/clk_wiz_0/inst/clk_out1                                    | snake_i/snakeController_0/inst/snakeX2[77][5]_i_1_n_0     |                                                                                         |                5 |             11 |
|  snake_i/clk_wiz_0/inst/clk_out1                                    | snake_i/snakeController_0/inst/snakeX2[62][5]_i_1_n_0     |                                                                                         |                5 |             11 |
|  snake_i/clk_wiz_0/inst/clk_out1                                    | snake_i/snakeController_0/inst/snakeX2[38][5]_i_1_n_0     |                                                                                         |                6 |             11 |
|  snake_i/clk_wiz_0/inst/clk_out1                                    | snake_i/snakeController_0/inst/snakeX2[80][5]_i_1_n_0     |                                                                                         |                7 |             11 |
|  snake_i/clk_wiz_0/inst/clk_out1                                    | snake_i/snakeController_0/inst/snakeX2[81][5]_i_1_n_0     |                                                                                         |                6 |             11 |
|  snake_i/clk_wiz_0/inst/clk_out1                                    | snake_i/snakeController_0/inst/snakeX2[2][5]_i_1_n_0      |                                                                                         |                6 |             11 |
|  snake_i/clk_wiz_0/inst/clk_out1                                    | snake_i/snakeController_0/inst/snakeX2[37][5]_i_1_n_0     |                                                                                         |                4 |             11 |
|  snake_i/clk_wiz_0/inst/clk_out1                                    | snake_i/snakeController_0/inst/snakeX2[63][5]_i_1_n_0     |                                                                                         |                5 |             11 |
|  snake_i/clk_wiz_0/inst/clk_out1                                    | snake_i/snakeController_0/inst/snakeX2[45][5]_i_1_n_0     |                                                                                         |                5 |             11 |
|  snake_i/clk_wiz_0/inst/clk_out1                                    | snake_i/snakeController_0/inst/snakeX2[28][5]_i_1_n_0     |                                                                                         |                5 |             11 |
|  snake_i/clk_wiz_0/inst/clk_out1                                    | snake_i/snakeController_0/inst/snakeX2[36][5]_i_1_n_0     |                                                                                         |                6 |             11 |
|  snake_i/clk_wiz_0/inst/clk_out1                                    | snake_i/snakeController_0/inst/snakeX2[42][5]_i_1_n_0     |                                                                                         |                6 |             11 |
|  snake_i/clk_wiz_0/inst/clk_out1                                    | snake_i/snakeController_0/inst/snakeX2[47][5]_i_1_n_0     |                                                                                         |                6 |             11 |
|  snake_i/clk_wiz_0/inst/clk_out1                                    | snake_i/snakeController_0/inst/snakeX2[49][5]_i_1_n_0     |                                                                                         |                5 |             11 |
|  snake_i/clk_wiz_0/inst/clk_out1                                    | snake_i/snakeController_0/inst/snakeX2[50][1]__0_i_1_n_0  |                                                                                         |                6 |             11 |
|  snake_i/clk_wiz_0/inst/clk_out1                                    | snake_i/snakeController_0/inst/snakeX2[27][2]_i_1_n_0     |                                                                                         |                5 |             11 |
|  snake_i/clk_wiz_0/inst/clk_out1                                    | snake_i/snakeController_0/inst/snakeX2[53][5]_i_1_n_0     |                                                                                         |                5 |             11 |
|  snake_i/clk_wiz_0/inst/clk_out1                                    | snake_i/snakeController_0/inst/snakeX2[64][5]_i_1_n_0     |                                                                                         |                4 |             11 |
|  snake_i/clk_wiz_0/inst/clk_out1                                    | snake_i/snakeController_0/inst/snakeX2[78][5]_i_1_n_0     |                                                                                         |                6 |             11 |
|  snake_i/clk_wiz_0/inst/clk_out1                                    | snake_i/snakeController_0/inst/snakeX2[79][5]_i_1_n_0     |                                                                                         |                5 |             11 |
|  snake_i/clk_wiz_0/inst/clk_out1                                    | snake_i/snakeController_0/inst/snakeX2[41][5]_i_1_n_0     |                                                                                         |                7 |             11 |
|  snake_i/clk_wiz_0/inst/clk_out1                                    | snake_i/snakeController_0/inst/snakeX2[87][5]_i_1_n_0     |                                                                                         |                3 |             11 |
|  snake_i/clk_wiz_0/inst/clk_out1                                    | snake_i/snakeController_0/inst/snakeX2[99][2]_i_1_n_0     |                                                                                         |                6 |             11 |
|  snake_i/clk_wiz_0/inst/clk_out1                                    | snake_i/snakeController_0/inst/snakeX2[82][5]_i_1_n_0     |                                                                                         |                6 |             11 |
|  snake_i/clk_wiz_0/inst/clk_out1                                    | snake_i/snakeController_0/inst/snakeX2[90][5]_i_1_n_0     |                                                                                         |                6 |             11 |
|  snake_i/clk_wiz_0/inst/clk_out1                                    | snake_i/snakeController_0/inst/snakeX2[84][1]__0_i_1_n_0  |                                                                                         |                4 |             11 |
|  snake_i/clk_wiz_0/inst/clk_out1                                    | snake_i/snakeController_0/inst/snakeX2[92][5]_i_1_n_0     |                                                                                         |                6 |             11 |
|  snake_i/clk_wiz_0/inst/clk_out1                                    | snake_i/snakeController_0/inst/snakeX2[96][5]_i_1_n_0     |                                                                                         |                5 |             11 |
|  snake_i/clk_wiz_0/inst/clk_out1                                    | snake_i/snakeController_0/inst/snakeX2[88][1]_i_1_n_0     |                                                                                         |                5 |             11 |
|  snake_i/clk_wiz_0/inst/clk_out1                                    | snake_i/snakeController_0/inst/snakeX2[97][5]_i_1_n_0     |                                                                                         |                6 |             11 |
|  snake_i/clk_wiz_0/inst/clk_out1                                    | snake_i/snakeController_0/inst/snakeX2[86][1]_i_1_n_0     |                                                                                         |                3 |             11 |
|  snake_i/clk_wiz_0/inst/clk_out1                                    | snake_i/snakeController_0/inst/snakeX2[83][5]_i_1_n_0     |                                                                                         |                5 |             11 |
|  snake_i/clk_wiz_0/inst/clk_out1                                    | snake_i/snakeController_0/inst/snakeX2[98][5]_i_1_n_0     |                                                                                         |                6 |             11 |
|  snake_i/clk_wiz_0/inst/clk_out1                                    | snake_i/snakeController_0/inst/snakeY2[115][4]_i_1_n_0    |                                                                                         |                4 |             11 |
|  snake_i/clk_wiz_0/inst/clk_out1                                    | snake_i/snakeController_0/inst/snakeY2[15][4]_i_1_n_0     |                                                                                         |                4 |             11 |
|  snake_i/clk_wiz_0/inst/clk_out1                                    | snake_i/snakeController_0/inst/snakeY2[22][4]_i_1_n_0     |                                                                                         |                4 |             11 |
|  snake_i/clk_wiz_0/inst/clk_out1                                    | snake_i/snakeController_0/inst/snakeY2[20][4]_i_1_n_0     |                                                                                         |                5 |             11 |
|  snake_i/clk_wiz_0/inst/clk_out1                                    | snake_i/snakeController_0/inst/snakeY2[13][4]_i_1_n_0     |                                                                                         |                4 |             11 |
|  snake_i/clk_wiz_0/inst/clk_out1                                    | snake_i/snakeController_0/inst/snakeY2[16][4]_i_1_n_0     |                                                                                         |                5 |             11 |
|  snake_i/clk_wiz_0/inst/clk_out1                                    | snake_i/snakeController_0/inst/snakeY2[24][4]_i_1_n_0     |                                                                                         |                7 |             11 |
|  snake_i/clk_wiz_0/inst/clk_out1                                    | snake_i/snakeController_0/inst/snakeY2[52][4]_i_1_n_0     |                                                                                         |                6 |             11 |
|  snake_i/clk_wiz_0/inst/clk_out1                                    | snake_i/snakeController_0/inst/snakeY2[25][4]_i_1_n_0     |                                                                                         |                6 |             11 |
|  snake_i/clk_wiz_0/inst/clk_out1                                    | snake_i/snakeController_0/inst/snakeY2[119][4]_i_1_n_0    |                                                                                         |                6 |             11 |
|  snake_i/clk_wiz_0/inst/clk_out1                                    | snake_i/snakeController_0/inst/snakeY2[19][4]_i_1_n_0     |                                                                                         |                5 |             11 |
|  snake_i/clk_wiz_0/inst/clk_out1                                    | snake_i/snakeController_0/inst/snakeY2[26][4]_i_1_n_0     |                                                                                         |                7 |             11 |
|  snake_i/clk_wiz_0/inst/clk_out1                                    | snake_i/snakeController_0/inst/snakeY2[33][4]_i_1_n_0     |                                                                                         |                5 |             11 |
|  snake_i/clk_wiz_0/inst/clk_out1                                    | snake_i/snakeController_0/inst/snakeY2[56][4]_i_1_n_0     |                                                                                         |                4 |             11 |
|  snake_i/clk_wiz_0/inst/clk_out1                                    | snake_i/snakeController_0/inst/snakeY2[57][4]_i_1_n_0     |                                                                                         |                4 |             11 |
|  snake_i/clk_wiz_0/inst/clk_out1                                    | snake_i/snakeController_0/inst/snakeY2[10][4]_i_1_n_0     |                                                                                         |                4 |             11 |
|  snake_i/clk_wiz_0/inst/clk_out1                                    | snake_i/snakeController_0/inst/snakeY2[21][4]_i_1_n_0     |                                                                                         |                5 |             11 |
|  snake_i/clk_wiz_0/inst/clk_out1                                    | snake_i/snakeController_0/inst/snakeY2[55][4]_i_1_n_0     |                                                                                         |                7 |             11 |
|  snake_i/clk_wiz_0/inst/clk_out1                                    | snake_i/snakeController_0/inst/snakeY2[23][4]_i_1_n_0     |                                                                                         |                4 |             11 |
|  snake_i/clk_wiz_0/inst/clk_out1                                    | snake_i/snakeController_0/inst/snakeY2[39][4]_i_1_n_0     |                                                                                         |                4 |             11 |
|  snake_i/clk_wiz_0/inst/clk_out1                                    | snake_i/snakeController_0/inst/snakeY2[12][4]_i_1_n_0     |                                                                                         |                7 |             11 |
|  snake_i/clk_wiz_0/inst/clk_out1                                    | snake_i/snakeController_0/inst/snakeY2[123][4]_i_1_n_0    |                                                                                         |                5 |             11 |
|  snake_i/clk_wiz_0/inst/clk_out1                                    | snake_i/snakeController_0/inst/snakeY2[121][4]_i_1_n_0    |                                                                                         |                4 |             11 |
|  snake_i/clk_wiz_0/inst/clk_out1                                    | snake_i/snakeController_0/inst/snakeY2[107][4]_i_1_n_0    |                                                                                         |                5 |             11 |
|  snake_i/clk_wiz_0/inst/clk_out1                                    | snake_i/snakeController_0/inst/snakeY2[11][4]_i_1_n_0     |                                                                                         |                5 |             11 |
|  snake_i/clk_wiz_0/inst/clk_out1                                    | snake_i/snakeController_0/inst/snakeY2[95][4]_i_1_n_0     |                                                                                         |                6 |             11 |
|  snake_i/clk_wiz_0/inst/clk_out1                                    | snake_i/snakeController_0/inst/snakeY2[85][4]_i_1_n_0     |                                                                                         |                7 |             11 |
|  snake_i/clk_wiz_0/inst/clk_out1                                    | snake_i/snakeController_0/inst/snakeY2[68][4]_i_1_n_0     |                                                                                         |                5 |             11 |
|  snake_i/clk_wiz_0/inst/clk_out1                                    | snake_i/snakeController_0/inst/snakeY2[8][4]_i_1_n_0      |                                                                                         |                6 |             11 |
|  snake_i/clk_wiz_0/inst/clk_out1                                    | snake_i/snakeController_0/inst/snakeY2[120][4]_i_1_n_0    |                                                                                         |                5 |             11 |
|  snake_i/clk_wiz_0/inst/clk_out1                                    | snake_i/snakeController_0/inst/snakeY2[67][4]_i_1_n_0     |                                                                                         |                7 |             11 |
|  snake_i/clk_wiz_0/inst/clk_out1                                    | snake_i/snakeController_0/inst/snakeY2[89][1]_i_1_n_0     |                                                                                         |                5 |             11 |
|  snake_i/clk_wiz_0/inst/clk_out1                                    | snake_i/snakeController_0/inst/snakeY2[59][4]_i_1_n_0     |                                                                                         |                5 |             11 |
|  snake_i/clk_wiz_0/inst/clk_out1                                    | snake_i/snakeController_0/inst/snakeY2[5][4]_i_1_n_0      |                                                                                         |                5 |             11 |
|  snake_i/clk_wiz_0/inst/clk_out1                                    | snake_i/snakeController_0/inst/snakeY2[91][4]_i_1_n_0     |                                                                                         |                8 |             11 |
|  snake_i/clk_wiz_0/inst/clk_out1                                    | snake_i/snakeController_0/inst/snakeY2[94][4]_i_1_n_0     |                                                                                         |                6 |             11 |
|  snake_i/clk_wiz_0/inst/clk_out1                                    | snake_i/snakeController_0/inst/snakeY2[69][4]_i_1_n_0     |                                                                                         |                6 |             11 |
|  snake_i/clk_wiz_0/inst/clk_out1                                    | snake_i/snakeController_0/inst/snakeY2[7][4]_i_1_n_0      |                                                                                         |                5 |             11 |
|  snake_i/clk_wiz_0/inst/clk_out1                                    | snake_i/snakeController_0/inst/snakeY2[65][4]_i_1_n_0     |                                                                                         |                5 |             11 |
|  snake_i/clk_wiz_0/inst/clk_out1                                    | snake_i/snakeController_0/inst/snakeY2[66][4]_i_1_n_0     |                                                                                         |                6 |             11 |
|  snake_i/clk_wiz_0/inst/clk_out1                                    | snake_i/snakeController_0/inst/snakeY2[6][4]_i_1_n_0      |                                                                                         |                5 |             11 |
|  snake_i/clk_wiz_0/inst/clk_out1                                    | snake_i/snakeController_0/inst/snakeY2[72][4]_i_1_n_0     |                                                                                         |                6 |             11 |
|  snake_i/clk_wiz_0/inst/clk_out1                                    |                                                           | snake_i/display_timing_0/inst/y_0                                                       |                4 |             15 |
|  snake_i/clk_wiz_0/inst/clk_out1                                    | snake_i/display_timing_0/inst/y_0                         | snake_i/display_timing_0/inst/y[15]_i_1_n_0                                             |                4 |             15 |
|  snake_i/clk_wiz_0/inst/clk_out1                                    | snake_i/snakeController_0/inst/newDirection1              | snake_i/snakeController_0/inst/update                                                   |                7 |             27 |
|  snake_i/clk_wiz_0/inst/clk_out1                                    | snake_i/snakeController_0/inst/speed[31]_i_2_n_0          | snake_i/snakeController_0/inst/speed[31]_i_1_n_0                                        |               12 |             31 |
|  sysclk_IBUF_BUFG                                                   |                                                           | snake_i/SNES_0/inst/snesClkDiv/clock830_carry__2_n_0                                    |                8 |             32 |
|  snake_i/clk_wiz_0/inst/clk_out1                                    |                                                           | snake_i/rgb2dvi_0/U0/DataEncoders[0].DataEncoder/SR[0]                                  |               15 |             32 |
|  sysclk_IBUF_BUFG                                                   |                                                           | snake_i/SNES_0/inst/snesClkDiv/clear                                                    |                9 |             33 |
|  snake_i/clk_wiz_0/inst/clk_out1                                    |                                                           |                                                                                         |               48 |            105 |
+---------------------------------------------------------------------+-----------------------------------------------------------+-----------------------------------------------------------------------------------------+------------------+----------------+


